Arguments: 
  /usr/local/bin/node /Users/mmarteau/.yarn/bin/yarn.js init

PATH: 
  /Users/mmarteau/google-cloud-sdk/bin:/Users/mmarteau/bin/mysql/bin:/Users/mmarteau/.yarn/bin:/Users/mmarteau/.config/yarn/global/node_modules/.bin:/Users/mmarteau/bin:/Users/mmarteau/bin/flyway-7.10.0:/usr/local/bin:/usr/bin:/bin:/usr/sbin:/sbin

Yarn version: 
  1.22.5

Node version: 
  12.20.0

Platform: 
  darwin x64

Trace: 
  Error: canceled
      at Interface.<anonymous> (/Users/mmarteau/.yarn/lib/cli.js:137009:13)
      at Interface.emit (events.js:314:20)
      at Interface._ttyWrite (readline.js:868:16)
      at ReadStream.onkeypress (readline.js:205:10)
      at ReadStream.emit (events.js:314:20)
      at emitKeys (internal/readline/utils.js:335:14)
      at emitKeys.next (<anonymous>)
      at ReadStream.onData (readline.js:1137:36)
      at ReadStream.emit (events.js:314:20)
      at addChunk (_stream_readable.js:297:12)

npm manifest: 
  {
    "name": "@dokoo/ui-kit",
    "version": "0.0.1",
    "main": "src/index.js",
    "author": "Mathieu Marteau",
    "license": "MIT",
    "private": false
  }

yarn manifest: 
  No manifest

Lockfile: 
  No lockfile
